12:58:18.693 [restartedMain] INFO  c.r.HelmetDSApplication - [logStarting,50] - Starting HelmetDSApplication on RadedeMacBook-Pro.local with PID 985 (/Users/rade/Documents/Java/HelmetDS/HelmetDS/target/classes started by rade in /Users/rade/Documents/Java/HelmetDS/HelmetDS)
12:58:18.714 [restartedMain] INFO  c.r.HelmetDSApplication - [logStartupProfileInfo,679] - The following profiles are active: druid
12:58:21.603 [restartedMain] INFO  o.a.c.h.Http11NioProtocol - [log,173] - Initializing ProtocolHandler ["http-nio-7005"]
12:58:21.612 [restartedMain] INFO  o.a.c.c.StandardService - [log,173] - Starting service [Tomcat]
12:58:21.613 [restartedMain] INFO  o.a.c.c.StandardEngine - [log,173] - Starting Servlet Engine: Apache Tomcat/9.0.13
12:58:21.620 [restartedMain] INFO  o.a.c.c.AprLifecycleListener - [log,173] - The APR based Apache Tomcat Native library which allows optimal performance in production environments was not found on the java.library.path: [/Users/rade/Library/Java/Extensions:/Library/Java/Extensions:/Network/Library/Java/Extensions:/System/Library/Java/Extensions:/usr/lib/java:.]
12:58:21.701 [restartedMain] INFO  o.a.c.c.C.[.[.[/] - [log,173] - Initializing Spring embedded WebApplicationContext
12:58:24.293 [restartedMain] INFO  s.d.s.w.PropertySourcedRequestMappingHandlerMapping - [initHandlerMethods,69] - Mapped URL path [/v2/api-docs] onto method [public org.springframework.http.ResponseEntity<springfox.documentation.spring.web.json.Json> springfox.documentation.swagger2.web.Swagger2Controller.getDocumentation(java.lang.String,javax.servlet.http.HttpServletRequest)]
12:58:25.364 [restartedMain] INFO  s.d.s.w.p.DocumentationPluginsBootstrapper - [start,160] - Context refreshed
12:58:25.386 [restartedMain] INFO  s.d.s.w.p.DocumentationPluginsBootstrapper - [start,163] - Found 1 custom documentation plugin(s)
12:58:25.434 [restartedMain] INFO  s.d.s.w.s.ApiListingReferenceScanner - [scan,41] - Scanning for api listing references
12:58:25.588 [restartedMain] INFO  o.a.c.h.Http11NioProtocol - [log,173] - Starting ProtocolHandler ["http-nio-7005"]
12:58:25.614 [restartedMain] INFO  o.a.t.u.n.NioSelectorPool - [log,173] - Using a shared selector for servlet write/read
12:58:25.639 [restartedMain] INFO  c.r.HelmetDSApplication - [logStarted,59] - Started HelmetDSApplication in 7.505 seconds (JVM running for 8.824)
12:58:27.207 [http-nio-7005-exec-2] INFO  o.a.c.c.C.[.[.[/] - [log,173] - Initializing Spring DispatcherServlet 'dispatcherServlet'
12:58:28.054 [http-nio-7005-exec-2] INFO  c.a.d.p.DruidDataSource - [init,991] - {dataSource-1} inited
12:58:28.375 [schedule-pool-1] INFO  sys-user - [run,54] - [127.0.0.1]内网IP[sysAdmin][Success][登录成功]
12:58:28.543 [http-nio-7005-exec-2] INFO  i.l.c.EpollProvider - [<clinit>,68] - Starting without optional epoll library
12:58:28.545 [http-nio-7005-exec-2] INFO  i.l.c.KqueueProvider - [<clinit>,70] - Starting without optional kqueue library
13:00:14.075 [Thread-23] INFO  sys-user - [shutdownAsyncManager,31] - ====关闭后台任务任务线程池====
13:00:14.088 [Thread-23] INFO  c.a.d.p.DruidDataSource - [close,1928] - {dataSource-1} closed
13:00:18.749 [restartedMain] INFO  c.r.HelmetDSApplication - [logStarting,50] - Starting HelmetDSApplication on RadedeMacBook-Pro.local with PID 1008 (/Users/rade/Documents/Java/HelmetDS/HelmetDS/target/classes started by rade in /Users/rade/Documents/Java/HelmetDS/HelmetDS)
13:00:18.755 [restartedMain] INFO  c.r.HelmetDSApplication - [logStartupProfileInfo,679] - The following profiles are active: druid
13:00:20.972 [restartedMain] INFO  o.a.c.h.Http11NioProtocol - [log,173] - Initializing ProtocolHandler ["http-nio-7005"]
13:00:20.983 [restartedMain] INFO  o.a.c.c.StandardService - [log,173] - Starting service [Tomcat]
13:00:20.983 [restartedMain] INFO  o.a.c.c.StandardEngine - [log,173] - Starting Servlet Engine: Apache Tomcat/9.0.13
13:00:20.988 [restartedMain] INFO  o.a.c.c.AprLifecycleListener - [log,173] - The APR based Apache Tomcat Native library which allows optimal performance in production environments was not found on the java.library.path: [/Users/rade/Library/Java/Extensions:/Library/Java/Extensions:/Network/Library/Java/Extensions:/System/Library/Java/Extensions:/usr/lib/java:.]
13:00:21.089 [restartedMain] INFO  o.a.c.c.C.[.[.[/] - [log,173] - Initializing Spring embedded WebApplicationContext
13:00:22.972 [restartedMain] INFO  s.d.s.w.PropertySourcedRequestMappingHandlerMapping - [initHandlerMethods,69] - Mapped URL path [/v2/api-docs] onto method [public org.springframework.http.ResponseEntity<springfox.documentation.spring.web.json.Json> springfox.documentation.swagger2.web.Swagger2Controller.getDocumentation(java.lang.String,javax.servlet.http.HttpServletRequest)]
13:00:23.700 [restartedMain] INFO  s.d.s.w.p.DocumentationPluginsBootstrapper - [start,160] - Context refreshed
13:00:23.711 [restartedMain] INFO  s.d.s.w.p.DocumentationPluginsBootstrapper - [start,163] - Found 1 custom documentation plugin(s)
13:00:23.746 [restartedMain] INFO  s.d.s.w.s.ApiListingReferenceScanner - [scan,41] - Scanning for api listing references
13:00:23.846 [restartedMain] INFO  o.a.c.h.Http11NioProtocol - [log,173] - Starting ProtocolHandler ["http-nio-7005"]
13:00:23.863 [restartedMain] INFO  o.a.t.u.n.NioSelectorPool - [log,173] - Using a shared selector for servlet write/read
13:00:23.879 [restartedMain] INFO  c.r.HelmetDSApplication - [logStarted,59] - Started HelmetDSApplication in 5.489 seconds (JVM running for 6.226)
13:00:24.323 [http-nio-7005-exec-1] INFO  o.a.c.c.C.[.[.[/] - [log,173] - Initializing Spring DispatcherServlet 'dispatcherServlet'
13:00:24.860 [http-nio-7005-exec-1] INFO  i.l.c.EpollProvider - [<clinit>,68] - Starting without optional epoll library
13:00:24.861 [http-nio-7005-exec-1] INFO  i.l.c.KqueueProvider - [<clinit>,70] - Starting without optional kqueue library
13:00:25.374 [http-nio-7005-exec-1] INFO  c.a.d.p.DruidDataSource - [init,991] - {dataSource-1} inited
13:01:33.524 [Thread-19] INFO  sys-user - [shutdownAsyncManager,31] - ====关闭后台任务任务线程池====
13:01:33.539 [Thread-19] INFO  c.a.d.p.DruidDataSource - [close,1928] - {dataSource-1} closed
13:01:37.747 [restartedMain] INFO  c.r.HelmetDSApplication - [logStarting,50] - Starting HelmetDSApplication on RadedeMacBook-Pro.local with PID 1018 (/Users/rade/Documents/Java/HelmetDS/HelmetDS/target/classes started by rade in /Users/rade/Documents/Java/HelmetDS/HelmetDS)
13:01:37.751 [restartedMain] INFO  c.r.HelmetDSApplication - [logStartupProfileInfo,679] - The following profiles are active: druid
13:01:39.732 [restartedMain] INFO  o.a.c.h.Http11NioProtocol - [log,173] - Initializing ProtocolHandler ["http-nio-7005"]
13:01:39.738 [restartedMain] INFO  o.a.c.c.StandardService - [log,173] - Starting service [Tomcat]
13:01:39.738 [restartedMain] INFO  o.a.c.c.StandardEngine - [log,173] - Starting Servlet Engine: Apache Tomcat/9.0.13
13:01:39.743 [restartedMain] INFO  o.a.c.c.AprLifecycleListener - [log,173] - The APR based Apache Tomcat Native library which allows optimal performance in production environments was not found on the java.library.path: [/Users/rade/Library/Java/Extensions:/Library/Java/Extensions:/Network/Library/Java/Extensions:/System/Library/Java/Extensions:/usr/lib/java:.]
13:01:39.796 [restartedMain] INFO  o.a.c.c.C.[.[.[/] - [log,173] - Initializing Spring embedded WebApplicationContext
13:01:41.501 [restartedMain] INFO  s.d.s.w.PropertySourcedRequestMappingHandlerMapping - [initHandlerMethods,69] - Mapped URL path [/v2/api-docs] onto method [public org.springframework.http.ResponseEntity<springfox.documentation.spring.web.json.Json> springfox.documentation.swagger2.web.Swagger2Controller.getDocumentation(java.lang.String,javax.servlet.http.HttpServletRequest)]
13:01:42.347 [restartedMain] INFO  s.d.s.w.p.DocumentationPluginsBootstrapper - [start,160] - Context refreshed
13:01:42.360 [restartedMain] INFO  s.d.s.w.p.DocumentationPluginsBootstrapper - [start,163] - Found 1 custom documentation plugin(s)
13:01:42.401 [restartedMain] INFO  s.d.s.w.s.ApiListingReferenceScanner - [scan,41] - Scanning for api listing references
13:01:42.514 [restartedMain] INFO  o.a.c.h.Http11NioProtocol - [log,173] - Starting ProtocolHandler ["http-nio-7005"]
13:01:42.532 [restartedMain] INFO  o.a.t.u.n.NioSelectorPool - [log,173] - Using a shared selector for servlet write/read
13:01:42.547 [restartedMain] INFO  c.r.HelmetDSApplication - [logStarted,59] - Started HelmetDSApplication in 5.09 seconds (JVM running for 5.641)
13:01:48.338 [http-nio-7005-exec-2] INFO  o.a.c.c.C.[.[.[/] - [log,173] - Initializing Spring DispatcherServlet 'dispatcherServlet'
13:01:48.755 [http-nio-7005-exec-2] INFO  i.l.c.EpollProvider - [<clinit>,68] - Starting without optional epoll library
13:01:48.756 [http-nio-7005-exec-2] INFO  i.l.c.KqueueProvider - [<clinit>,70] - Starting without optional kqueue library
13:01:49.235 [http-nio-7005-exec-2] INFO  c.a.d.p.DruidDataSource - [init,991] - {dataSource-1} inited
13:02:32.571 [Thread-18] INFO  sys-user - [shutdownAsyncManager,31] - ====关闭后台任务任务线程池====
13:02:32.579 [Thread-18] INFO  c.a.d.p.DruidDataSource - [close,1928] - {dataSource-1} closed
