15:34:19.307 [restartedMain] INFO  c.r.HelmetDSApplication - [logStarting,50] - Starting HelmetDSApplication on RadedeMacBook-Pro.local with PID 3023 (/Users/rade/Documents/Java/HelmetDS/HelmetDS/target/classes started by rade in /Users/rade/Documents/Java/HelmetDS/HelmetDS)
15:34:19.311 [restartedMain] INFO  c.r.HelmetDSApplication - [logStartupProfileInfo,679] - The following profiles are active: druid
15:34:21.656 [restartedMain] INFO  o.a.c.h.Http11NioProtocol - [log,173] - Initializing ProtocolHandler ["http-nio-7005"]
15:34:21.665 [restartedMain] INFO  o.a.c.c.StandardService - [log,173] - Starting service [Tomcat]
15:34:21.666 [restartedMain] INFO  o.a.c.c.StandardEngine - [log,173] - Starting Servlet Engine: Apache Tomcat/9.0.13
15:34:21.673 [restartedMain] INFO  o.a.c.c.AprLifecycleListener - [log,173] - The APR based Apache Tomcat Native library which allows optimal performance in production environments was not found on the java.library.path: [/Users/rade/Library/Java/Extensions:/Library/Java/Extensions:/Network/Library/Java/Extensions:/System/Library/Java/Extensions:/usr/lib/java:.]
15:34:21.758 [restartedMain] INFO  o.a.c.c.C.[.[.[/] - [log,173] - Initializing Spring embedded WebApplicationContext
15:34:23.760 [restartedMain] INFO  s.d.s.w.PropertySourcedRequestMappingHandlerMapping - [initHandlerMethods,69] - Mapped URL path [/v2/api-docs] onto method [public org.springframework.http.ResponseEntity<springfox.documentation.spring.web.json.Json> springfox.documentation.swagger2.web.Swagger2Controller.getDocumentation(java.lang.String,javax.servlet.http.HttpServletRequest)]
15:34:24.869 [restartedMain] INFO  s.d.s.w.p.DocumentationPluginsBootstrapper - [start,160] - Context refreshed
15:34:24.886 [restartedMain] INFO  s.d.s.w.p.DocumentationPluginsBootstrapper - [start,163] - Found 1 custom documentation plugin(s)
15:34:24.932 [restartedMain] INFO  s.d.s.w.s.ApiListingReferenceScanner - [scan,41] - Scanning for api listing references
15:34:25.099 [restartedMain] INFO  o.a.c.h.Http11NioProtocol - [log,173] - Starting ProtocolHandler ["http-nio-7005"]
15:34:25.133 [restartedMain] INFO  o.a.t.u.n.NioSelectorPool - [log,173] - Using a shared selector for servlet write/read
15:34:25.155 [restartedMain] INFO  c.r.HelmetDSApplication - [logStarted,59] - Started HelmetDSApplication in 6.362 seconds (JVM running for 7.815)
15:35:24.743 [Thread-22] INFO  sys-user - [shutdownAsyncManager,31] - ====关闭后台任务任务线程池====
15:35:28.538 [restartedMain] INFO  c.r.HelmetDSApplication - [logStarting,50] - Starting HelmetDSApplication on RadedeMacBook-Pro.local with PID 3034 (/Users/rade/Documents/Java/HelmetDS/HelmetDS/target/classes started by rade in /Users/rade/Documents/Java/HelmetDS/HelmetDS)
15:35:28.546 [restartedMain] INFO  c.r.HelmetDSApplication - [logStartupProfileInfo,679] - The following profiles are active: druid
15:35:30.972 [restartedMain] INFO  o.a.c.h.Http11NioProtocol - [log,173] - Initializing ProtocolHandler ["http-nio-7005"]
15:35:30.979 [restartedMain] INFO  o.a.c.c.StandardService - [log,173] - Starting service [Tomcat]
15:35:30.979 [restartedMain] INFO  o.a.c.c.StandardEngine - [log,173] - Starting Servlet Engine: Apache Tomcat/9.0.13
15:35:30.985 [restartedMain] INFO  o.a.c.c.AprLifecycleListener - [log,173] - The APR based Apache Tomcat Native library which allows optimal performance in production environments was not found on the java.library.path: [/Users/rade/Library/Java/Extensions:/Library/Java/Extensions:/Network/Library/Java/Extensions:/System/Library/Java/Extensions:/usr/lib/java:.]
15:35:31.051 [restartedMain] INFO  o.a.c.c.C.[.[.[/] - [log,173] - Initializing Spring embedded WebApplicationContext
15:35:32.840 [restartedMain] INFO  s.d.s.w.PropertySourcedRequestMappingHandlerMapping - [initHandlerMethods,69] - Mapped URL path [/v2/api-docs] onto method [public org.springframework.http.ResponseEntity<springfox.documentation.spring.web.json.Json> springfox.documentation.swagger2.web.Swagger2Controller.getDocumentation(java.lang.String,javax.servlet.http.HttpServletRequest)]
15:35:33.756 [restartedMain] INFO  s.d.s.w.p.DocumentationPluginsBootstrapper - [start,160] - Context refreshed
15:35:33.771 [restartedMain] INFO  s.d.s.w.p.DocumentationPluginsBootstrapper - [start,163] - Found 1 custom documentation plugin(s)
15:35:33.813 [restartedMain] INFO  s.d.s.w.s.ApiListingReferenceScanner - [scan,41] - Scanning for api listing references
15:35:33.935 [restartedMain] INFO  o.a.c.h.Http11NioProtocol - [log,173] - Starting ProtocolHandler ["http-nio-7005"]
15:35:33.952 [restartedMain] INFO  o.a.t.u.n.NioSelectorPool - [log,173] - Using a shared selector for servlet write/read
15:35:33.966 [restartedMain] INFO  c.r.HelmetDSApplication - [logStarted,59] - Started HelmetDSApplication in 5.809 seconds (JVM running for 6.511)
15:37:36.675 [http-nio-7005-exec-1] INFO  o.a.c.c.C.[.[.[/] - [log,173] - Initializing Spring DispatcherServlet 'dispatcherServlet'
15:39:43.062 [Thread-20] INFO  sys-user - [shutdownAsyncManager,31] - ====关闭后台任务任务线程池====
15:39:45.829 [restartedMain] INFO  c.r.HelmetDSApplication - [logStarting,50] - Starting HelmetDSApplication on RadedeMacBook-Pro.local with PID 3074 (/Users/rade/Documents/Java/HelmetDS/HelmetDS/target/classes started by rade in /Users/rade/Documents/Java/HelmetDS/HelmetDS)
15:39:45.834 [restartedMain] INFO  c.r.HelmetDSApplication - [logStartupProfileInfo,679] - The following profiles are active: druid
15:39:47.610 [restartedMain] INFO  o.a.c.h.Http11NioProtocol - [log,173] - Initializing ProtocolHandler ["http-nio-7005"]
15:39:47.617 [restartedMain] INFO  o.a.c.c.StandardService - [log,173] - Starting service [Tomcat]
15:39:47.617 [restartedMain] INFO  o.a.c.c.StandardEngine - [log,173] - Starting Servlet Engine: Apache Tomcat/9.0.13
15:39:47.622 [restartedMain] INFO  o.a.c.c.AprLifecycleListener - [log,173] - The APR based Apache Tomcat Native library which allows optimal performance in production environments was not found on the java.library.path: [/Users/rade/Library/Java/Extensions:/Library/Java/Extensions:/Network/Library/Java/Extensions:/System/Library/Java/Extensions:/usr/lib/java:.]
15:39:47.685 [restartedMain] INFO  o.a.c.c.C.[.[.[/] - [log,173] - Initializing Spring embedded WebApplicationContext
15:39:49.572 [restartedMain] INFO  s.d.s.w.PropertySourcedRequestMappingHandlerMapping - [initHandlerMethods,69] - Mapped URL path [/v2/api-docs] onto method [public org.springframework.http.ResponseEntity<springfox.documentation.spring.web.json.Json> springfox.documentation.swagger2.web.Swagger2Controller.getDocumentation(java.lang.String,javax.servlet.http.HttpServletRequest)]
15:39:50.518 [restartedMain] INFO  s.d.s.w.p.DocumentationPluginsBootstrapper - [start,160] - Context refreshed
15:39:50.534 [restartedMain] INFO  s.d.s.w.p.DocumentationPluginsBootstrapper - [start,163] - Found 1 custom documentation plugin(s)
15:39:50.579 [restartedMain] INFO  s.d.s.w.s.ApiListingReferenceScanner - [scan,41] - Scanning for api listing references
15:39:50.751 [restartedMain] INFO  o.a.c.h.Http11NioProtocol - [log,173] - Starting ProtocolHandler ["http-nio-7005"]
15:39:50.771 [restartedMain] INFO  o.a.t.u.n.NioSelectorPool - [log,173] - Using a shared selector for servlet write/read
15:39:50.789 [restartedMain] INFO  c.r.HelmetDSApplication - [logStarted,59] - Started HelmetDSApplication in 5.272 seconds (JVM running for 6.105)
16:02:18.058 [http-nio-7005-exec-1] INFO  o.a.c.c.C.[.[.[/] - [log,173] - Initializing Spring DispatcherServlet 'dispatcherServlet'
16:02:18.450 [http-nio-7005-exec-1] INFO  i.l.c.EpollProvider - [<clinit>,68] - Starting without optional epoll library
16:02:18.452 [http-nio-7005-exec-1] INFO  i.l.c.KqueueProvider - [<clinit>,70] - Starting without optional kqueue library
16:02:25.359 [http-nio-7005-exec-2] INFO  c.a.d.p.DruidDataSource - [init,991] - {dataSource-1} inited
16:02:25.641 [schedule-pool-1] INFO  sys-user - [run,54] - [127.0.0.1]内网IP[admin][Success][登录成功]
21:50:40.862 [Thread-19] INFO  sys-user - [shutdownAsyncManager,31] - ====关闭后台任务任务线程池====
21:50:40.865 [Thread-19] INFO  c.a.d.p.DruidDataSource - [close,1928] - {dataSource-1} closed
