16:28:07.237 [restartedMain] INFO  c.r.HelmetDSApplication - [logStarting,50] - Starting HelmetDSApplication on RadedeMacBook-Pro.local with PID 1877 (/Users/rade/Documents/Java/HelmetDS/HelmetDS/target/classes started by rade in /Users/rade/Documents/Java/HelmetDS/HelmetDS)
16:28:07.247 [restartedMain] INFO  c.r.HelmetDSApplication - [logStartupProfileInfo,679] - The following profiles are active: druid
16:28:10.064 [restartedMain] INFO  o.a.c.h.Http11NioProtocol - [log,173] - Initializing ProtocolHandler ["http-nio-7005"]
16:28:10.073 [restartedMain] INFO  o.a.c.c.StandardService - [log,173] - Starting service [Tomcat]
16:28:10.073 [restartedMain] INFO  o.a.c.c.StandardEngine - [log,173] - Starting Servlet Engine: Apache Tomcat/9.0.13
16:28:10.079 [restartedMain] INFO  o.a.c.c.AprLifecycleListener - [log,173] - The APR based Apache Tomcat Native library which allows optimal performance in production environments was not found on the java.library.path: [/Users/rade/Library/Java/Extensions:/Library/Java/Extensions:/Network/Library/Java/Extensions:/System/Library/Java/Extensions:/usr/lib/java:.]
16:28:10.148 [restartedMain] INFO  o.a.c.c.C.[.[.[/] - [log,173] - Initializing Spring embedded WebApplicationContext
16:28:12.355 [restartedMain] INFO  s.d.s.w.PropertySourcedRequestMappingHandlerMapping - [initHandlerMethods,69] - Mapped URL path [/v2/api-docs] onto method [public org.springframework.http.ResponseEntity<springfox.documentation.spring.web.json.Json> springfox.documentation.swagger2.web.Swagger2Controller.getDocumentation(java.lang.String,javax.servlet.http.HttpServletRequest)]
16:28:13.433 [restartedMain] INFO  s.d.s.w.p.DocumentationPluginsBootstrapper - [start,160] - Context refreshed
16:28:13.458 [restartedMain] INFO  s.d.s.w.p.DocumentationPluginsBootstrapper - [start,163] - Found 1 custom documentation plugin(s)
16:28:13.526 [restartedMain] INFO  s.d.s.w.s.ApiListingReferenceScanner - [scan,41] - Scanning for api listing references
16:28:13.693 [restartedMain] INFO  o.a.c.h.Http11NioProtocol - [log,173] - Starting ProtocolHandler ["http-nio-7005"]
16:28:13.717 [restartedMain] INFO  o.a.t.u.n.NioSelectorPool - [log,173] - Using a shared selector for servlet write/read
16:28:13.740 [restartedMain] INFO  c.r.HelmetDSApplication - [logStarted,59] - Started HelmetDSApplication in 7.047 seconds (JVM running for 8.512)
16:29:50.860 [Thread-23] INFO  sys-user - [shutdownAsyncManager,31] - ====关闭后台任务任务线程池====
16:29:54.047 [restartedMain] INFO  c.r.HelmetDSApplication - [logStarting,50] - Starting HelmetDSApplication on RadedeMacBook-Pro.local with PID 1917 (/Users/rade/Documents/Java/HelmetDS/HelmetDS/target/classes started by rade in /Users/rade/Documents/Java/HelmetDS/HelmetDS)
16:29:54.052 [restartedMain] INFO  c.r.HelmetDSApplication - [logStartupProfileInfo,679] - The following profiles are active: druid
16:29:56.143 [restartedMain] INFO  o.a.c.h.Http11NioProtocol - [log,173] - Initializing ProtocolHandler ["http-nio-7005"]
16:29:56.151 [restartedMain] INFO  o.a.c.c.StandardService - [log,173] - Starting service [Tomcat]
16:29:56.152 [restartedMain] INFO  o.a.c.c.StandardEngine - [log,173] - Starting Servlet Engine: Apache Tomcat/9.0.13
16:29:56.157 [restartedMain] INFO  o.a.c.c.AprLifecycleListener - [log,173] - The APR based Apache Tomcat Native library which allows optimal performance in production environments was not found on the java.library.path: [/Users/rade/Library/Java/Extensions:/Library/Java/Extensions:/Network/Library/Java/Extensions:/System/Library/Java/Extensions:/usr/lib/java:.]
16:29:56.222 [restartedMain] INFO  o.a.c.c.C.[.[.[/] - [log,173] - Initializing Spring embedded WebApplicationContext
16:29:57.841 [restartedMain] INFO  s.d.s.w.PropertySourcedRequestMappingHandlerMapping - [initHandlerMethods,69] - Mapped URL path [/v2/api-docs] onto method [public org.springframework.http.ResponseEntity<springfox.documentation.spring.web.json.Json> springfox.documentation.swagger2.web.Swagger2Controller.getDocumentation(java.lang.String,javax.servlet.http.HttpServletRequest)]
16:29:58.716 [restartedMain] INFO  s.d.s.w.p.DocumentationPluginsBootstrapper - [start,160] - Context refreshed
16:29:58.734 [restartedMain] INFO  s.d.s.w.p.DocumentationPluginsBootstrapper - [start,163] - Found 1 custom documentation plugin(s)
16:29:58.782 [restartedMain] INFO  s.d.s.w.s.ApiListingReferenceScanner - [scan,41] - Scanning for api listing references
16:29:58.903 [restartedMain] INFO  o.a.c.h.Http11NioProtocol - [log,173] - Starting ProtocolHandler ["http-nio-7005"]
16:29:58.920 [restartedMain] INFO  o.a.t.u.n.NioSelectorPool - [log,173] - Using a shared selector for servlet write/read
16:29:58.941 [restartedMain] INFO  c.r.HelmetDSApplication - [logStarted,59] - Started HelmetDSApplication in 5.309 seconds (JVM running for 5.993)
16:30:07.240 [http-nio-7005-exec-1] INFO  o.a.c.c.C.[.[.[/] - [log,173] - Initializing Spring DispatcherServlet 'dispatcherServlet'
16:30:08.051 [http-nio-7005-exec-1] INFO  c.a.d.p.DruidDataSource - [init,991] - {dataSource-1} inited
16:30:08.390 [schedule-pool-1] INFO  sys-user - [run,54] - [127.0.0.1]内网IP[sysAdmin][Success][登录成功]
16:30:08.572 [http-nio-7005-exec-1] INFO  i.l.c.EpollProvider - [<clinit>,68] - Starting without optional epoll library
16:30:08.574 [http-nio-7005-exec-1] INFO  i.l.c.KqueueProvider - [<clinit>,70] - Starting without optional kqueue library
17:22:51.085 [Thread-18] INFO  sys-user - [shutdownAsyncManager,31] - ====关闭后台任务任务线程池====
17:22:51.088 [Thread-18] INFO  c.a.d.p.DruidDataSource - [close,1928] - {dataSource-1} closed
17:23:00.707 [restartedMain] INFO  c.r.HelmetDSApplication - [logStarting,50] - Starting HelmetDSApplication on RadedeMacBook-Pro.local with PID 2136 (/Users/rade/Documents/Java/HelmetDS/HelmetDS/target/classes started by rade in /Users/rade/Documents/Java/HelmetDS/HelmetDS)
17:23:00.713 [restartedMain] INFO  c.r.HelmetDSApplication - [logStartupProfileInfo,679] - The following profiles are active: druid
17:23:02.727 [restartedMain] INFO  o.a.c.h.Http11NioProtocol - [log,173] - Initializing ProtocolHandler ["http-nio-7005"]
17:23:02.734 [restartedMain] INFO  o.a.c.c.StandardService - [log,173] - Starting service [Tomcat]
17:23:02.734 [restartedMain] INFO  o.a.c.c.StandardEngine - [log,173] - Starting Servlet Engine: Apache Tomcat/9.0.13
17:23:02.739 [restartedMain] INFO  o.a.c.c.AprLifecycleListener - [log,173] - The APR based Apache Tomcat Native library which allows optimal performance in production environments was not found on the java.library.path: [/Users/rade/Library/Java/Extensions:/Library/Java/Extensions:/Network/Library/Java/Extensions:/System/Library/Java/Extensions:/usr/lib/java:.]
17:23:02.805 [restartedMain] INFO  o.a.c.c.C.[.[.[/] - [log,173] - Initializing Spring embedded WebApplicationContext
17:23:04.645 [restartedMain] INFO  s.d.s.w.PropertySourcedRequestMappingHandlerMapping - [initHandlerMethods,69] - Mapped URL path [/v2/api-docs] onto method [public org.springframework.http.ResponseEntity<springfox.documentation.spring.web.json.Json> springfox.documentation.swagger2.web.Swagger2Controller.getDocumentation(java.lang.String,javax.servlet.http.HttpServletRequest)]
17:23:05.638 [restartedMain] INFO  s.d.s.w.p.DocumentationPluginsBootstrapper - [start,160] - Context refreshed
17:23:05.653 [restartedMain] INFO  s.d.s.w.p.DocumentationPluginsBootstrapper - [start,163] - Found 1 custom documentation plugin(s)
17:23:05.695 [restartedMain] INFO  s.d.s.w.s.ApiListingReferenceScanner - [scan,41] - Scanning for api listing references
17:23:05.834 [restartedMain] INFO  o.a.c.h.Http11NioProtocol - [log,173] - Starting ProtocolHandler ["http-nio-7005"]
17:23:05.855 [restartedMain] INFO  o.a.t.u.n.NioSelectorPool - [log,173] - Using a shared selector for servlet write/read
17:23:05.901 [restartedMain] INFO  c.r.HelmetDSApplication - [logStarted,59] - Started HelmetDSApplication in 5.582 seconds (JVM running for 6.576)
17:26:09.094 [http-nio-7005-exec-2] INFO  o.a.c.c.C.[.[.[/] - [log,173] - Initializing Spring DispatcherServlet 'dispatcherServlet'
17:26:09.507 [http-nio-7005-exec-2] INFO  i.l.c.EpollProvider - [<clinit>,68] - Starting without optional epoll library
17:26:09.509 [http-nio-7005-exec-2] INFO  i.l.c.KqueueProvider - [<clinit>,70] - Starting without optional kqueue library
17:26:10.226 [http-nio-7005-exec-2] INFO  c.a.d.p.DruidDataSource - [init,991] - {dataSource-1} inited
17:54:16.174 [Thread-20] INFO  sys-user - [shutdownAsyncManager,31] - ====关闭后台任务任务线程池====
17:54:16.177 [Thread-20] INFO  c.a.d.p.DruidDataSource - [close,1928] - {dataSource-1} closed
17:54:21.841 [restartedMain] INFO  c.r.HelmetDSApplication - [logStarting,50] - Starting HelmetDSApplication on RadedeMacBook-Pro.local with PID 2199 (/Users/rade/Documents/Java/HelmetDS/HelmetDS/target/classes started by rade in /Users/rade/Documents/Java/HelmetDS/HelmetDS)
17:54:21.854 [restartedMain] INFO  c.r.HelmetDSApplication - [logStartupProfileInfo,679] - The following profiles are active: druid
17:54:23.778 [restartedMain] INFO  o.a.c.h.Http11NioProtocol - [log,173] - Initializing ProtocolHandler ["http-nio-7005"]
17:54:23.789 [restartedMain] INFO  o.a.c.c.StandardService - [log,173] - Starting service [Tomcat]
17:54:23.789 [restartedMain] INFO  o.a.c.c.StandardEngine - [log,173] - Starting Servlet Engine: Apache Tomcat/9.0.13
17:54:23.795 [restartedMain] INFO  o.a.c.c.AprLifecycleListener - [log,173] - The APR based Apache Tomcat Native library which allows optimal performance in production environments was not found on the java.library.path: [/Users/rade/Library/Java/Extensions:/Library/Java/Extensions:/Network/Library/Java/Extensions:/System/Library/Java/Extensions:/usr/lib/java:.]
17:54:23.875 [restartedMain] INFO  o.a.c.c.C.[.[.[/] - [log,173] - Initializing Spring embedded WebApplicationContext
17:54:25.625 [restartedMain] INFO  s.d.s.w.PropertySourcedRequestMappingHandlerMapping - [initHandlerMethods,69] - Mapped URL path [/v2/api-docs] onto method [public org.springframework.http.ResponseEntity<springfox.documentation.spring.web.json.Json> springfox.documentation.swagger2.web.Swagger2Controller.getDocumentation(java.lang.String,javax.servlet.http.HttpServletRequest)]
17:54:26.460 [restartedMain] INFO  s.d.s.w.p.DocumentationPluginsBootstrapper - [start,160] - Context refreshed
17:54:26.472 [restartedMain] INFO  s.d.s.w.p.DocumentationPluginsBootstrapper - [start,163] - Found 1 custom documentation plugin(s)
17:54:26.513 [restartedMain] INFO  s.d.s.w.s.ApiListingReferenceScanner - [scan,41] - Scanning for api listing references
17:54:26.640 [restartedMain] INFO  o.a.c.h.Http11NioProtocol - [log,173] - Starting ProtocolHandler ["http-nio-7005"]
17:54:26.658 [restartedMain] INFO  o.a.t.u.n.NioSelectorPool - [log,173] - Using a shared selector for servlet write/read
17:54:26.675 [restartedMain] INFO  c.r.HelmetDSApplication - [logStarted,59] - Started HelmetDSApplication in 5.108 seconds (JVM running for 5.861)
17:54:26.922 [http-nio-7005-exec-2] INFO  o.a.c.c.C.[.[.[/] - [log,173] - Initializing Spring DispatcherServlet 'dispatcherServlet'
17:54:27.427 [http-nio-7005-exec-2] INFO  i.l.c.EpollProvider - [<clinit>,68] - Starting without optional epoll library
17:54:27.431 [http-nio-7005-exec-2] INFO  i.l.c.KqueueProvider - [<clinit>,70] - Starting without optional kqueue library
17:54:27.900 [http-nio-7005-exec-2] INFO  c.a.d.p.DruidDataSource - [init,991] - {dataSource-1} inited
17:59:26.054 [Thread-19] INFO  sys-user - [shutdownAsyncManager,31] - ====关闭后台任务任务线程池====
17:59:26.067 [Thread-19] INFO  c.a.d.p.DruidDataSource - [close,1928] - {dataSource-1} closed
17:59:30.828 [restartedMain] INFO  c.r.HelmetDSApplication - [logStarting,50] - Starting HelmetDSApplication on RadedeMacBook-Pro.local with PID 2210 (/Users/rade/Documents/Java/HelmetDS/HelmetDS/target/classes started by rade in /Users/rade/Documents/Java/HelmetDS/HelmetDS)
17:59:30.833 [restartedMain] INFO  c.r.HelmetDSApplication - [logStartupProfileInfo,679] - The following profiles are active: druid
17:59:32.788 [restartedMain] INFO  o.a.c.h.Http11NioProtocol - [log,173] - Initializing ProtocolHandler ["http-nio-7005"]
17:59:32.798 [restartedMain] INFO  o.a.c.c.StandardService - [log,173] - Starting service [Tomcat]
17:59:32.798 [restartedMain] INFO  o.a.c.c.StandardEngine - [log,173] - Starting Servlet Engine: Apache Tomcat/9.0.13
17:59:32.804 [restartedMain] INFO  o.a.c.c.AprLifecycleListener - [log,173] - The APR based Apache Tomcat Native library which allows optimal performance in production environments was not found on the java.library.path: [/Users/rade/Library/Java/Extensions:/Library/Java/Extensions:/Network/Library/Java/Extensions:/System/Library/Java/Extensions:/usr/lib/java:.]
17:59:32.872 [restartedMain] INFO  o.a.c.c.C.[.[.[/] - [log,173] - Initializing Spring embedded WebApplicationContext
17:59:34.523 [restartedMain] INFO  s.d.s.w.PropertySourcedRequestMappingHandlerMapping - [initHandlerMethods,69] - Mapped URL path [/v2/api-docs] onto method [public org.springframework.http.ResponseEntity<springfox.documentation.spring.web.json.Json> springfox.documentation.swagger2.web.Swagger2Controller.getDocumentation(java.lang.String,javax.servlet.http.HttpServletRequest)]
17:59:35.344 [restartedMain] INFO  s.d.s.w.p.DocumentationPluginsBootstrapper - [start,160] - Context refreshed
17:59:35.355 [restartedMain] INFO  s.d.s.w.p.DocumentationPluginsBootstrapper - [start,163] - Found 1 custom documentation plugin(s)
17:59:35.391 [restartedMain] INFO  s.d.s.w.s.ApiListingReferenceScanner - [scan,41] - Scanning for api listing references
17:59:35.513 [restartedMain] INFO  o.a.c.h.Http11NioProtocol - [log,173] - Starting ProtocolHandler ["http-nio-7005"]
17:59:35.531 [restartedMain] INFO  o.a.t.u.n.NioSelectorPool - [log,173] - Using a shared selector for servlet write/read
17:59:35.546 [restartedMain] INFO  c.r.HelmetDSApplication - [logStarted,59] - Started HelmetDSApplication in 5.189 seconds (JVM running for 6.077)
17:59:55.668 [http-nio-7005-exec-2] INFO  o.a.c.c.C.[.[.[/] - [log,173] - Initializing Spring DispatcherServlet 'dispatcherServlet'
17:59:56.077 [http-nio-7005-exec-2] INFO  i.l.c.EpollProvider - [<clinit>,68] - Starting without optional epoll library
17:59:56.078 [http-nio-7005-exec-2] INFO  i.l.c.KqueueProvider - [<clinit>,70] - Starting without optional kqueue library
17:59:56.538 [http-nio-7005-exec-2] INFO  c.a.d.p.DruidDataSource - [init,991] - {dataSource-1} inited
